{"C:\\Users\\Bryan\\OneDrive - UNIVERSIDAD CATOLICA DE EL SALVADOR\\Documentos\\NODE JS COURSE\\07-Rest-Web\\src\\data\\postgres\\index.ts": {"path":"C:\\Users\\Bryan\\OneDrive - UNIVERSIDAD CATOLICA DE EL SALVADOR\\Documentos\\NODE JS COURSE\\07-Rest-Web\\src\\data\\postgres\\index.ts","all":false,"statementMap":{"0":{"start":{"line":1,"column":0},"end":{"line":1,"column":46}},"1":{"start":{"line":2,"column":0},"end":{"line":2,"column":0}},"2":{"start":{"line":3,"column":0},"end":{"line":3,"column":41}}},"s":{"0":1,"1":1,"2":1},"branchMap":{},"b":{},"fnMap":{},"f":{}}
,"C:\\Users\\Bryan\\OneDrive - UNIVERSIDAD CATOLICA DE EL SALVADOR\\Documentos\\NODE JS COURSE\\07-Rest-Web\\src\\presentation\\todos\\controller.ts": {"path":"C:\\Users\\Bryan\\OneDrive - UNIVERSIDAD CATOLICA DE EL SALVADOR\\Documentos\\NODE JS COURSE\\07-Rest-Web\\src\\presentation\\todos\\controller.ts","all":false,"statementMap":{"0":{"start":{"line":1,"column":0},"end":{"line":1,"column":44}},"1":{"start":{"line":2,"column":0},"end":{"line":2,"column":45}},"2":{"start":{"line":3,"column":0},"end":{"line":3,"column":67}},"3":{"start":{"line":4,"column":0},"end":{"line":4,"column":101}},"4":{"start":{"line":5,"column":0},"end":{"line":5,"column":30}},"5":{"start":{"line":6,"column":0},"end":{"line":6,"column":33}},"6":{"start":{"line":7,"column":0},"end":{"line":7,"column":66}},"7":{"start":{"line":8,"column":0},"end":{"line":8,"column":0}},"8":{"start":{"line":9,"column":0},"end":{"line":9,"column":5}},"9":{"start":{"line":10,"column":0},"end":{"line":10,"column":0}},"10":{"start":{"line":11,"column":0},"end":{"line":11,"column":56}},"11":{"start":{"line":12,"column":0},"end":{"line":12,"column":65}},"12":{"start":{"line":13,"column":0},"end":{"line":13,"column":42}},"13":{"start":{"line":14,"column":0},"end":{"line":14,"column":54}},"14":{"start":{"line":15,"column":0},"end":{"line":15,"column":15}},"15":{"start":{"line":16,"column":0},"end":{"line":16,"column":5}},"16":{"start":{"line":17,"column":0},"end":{"line":17,"column":58}},"17":{"start":{"line":18,"column":0},"end":{"line":18,"column":34}},"18":{"start":{"line":19,"column":0},"end":{"line":19,"column":39}},"19":{"start":{"line":20,"column":0},"end":{"line":20,"column":69}},"20":{"start":{"line":21,"column":0},"end":{"line":21,"column":19}},"21":{"start":{"line":22,"column":0},"end":{"line":22,"column":9}},"22":{"start":{"line":23,"column":0},"end":{"line":23,"column":0}},"23":{"start":{"line":24,"column":0},"end":{"line":24,"column":52}},"24":{"start":{"line":25,"column":0},"end":{"line":25,"column":40}},"25":{"start":{"line":26,"column":0},"end":{"line":26,"column":54}},"26":{"start":{"line":27,"column":0},"end":{"line":27,"column":15}},"27":{"start":{"line":28,"column":0},"end":{"line":28,"column":0}},"28":{"start":{"line":29,"column":0},"end":{"line":29,"column":5}},"29":{"start":{"line":30,"column":0},"end":{"line":30,"column":57}},"30":{"start":{"line":31,"column":0},"end":{"line":31,"column":70}},"31":{"start":{"line":32,"column":0},"end":{"line":32,"column":20}},"32":{"start":{"line":33,"column":0},"end":{"line":33,"column":53}},"33":{"start":{"line":34,"column":0},"end":{"line":34,"column":19}},"34":{"start":{"line":35,"column":0},"end":{"line":35,"column":9}},"35":{"start":{"line":36,"column":0},"end":{"line":36,"column":67}},"36":{"start":{"line":37,"column":0},"end":{"line":37,"column":52}},"37":{"start":{"line":38,"column":0},"end":{"line":38,"column":54}},"38":{"start":{"line":39,"column":0},"end":{"line":39,"column":15}},"39":{"start":{"line":40,"column":0},"end":{"line":40,"column":0}},"40":{"start":{"line":41,"column":0},"end":{"line":41,"column":5}},"41":{"start":{"line":42,"column":0},"end":{"line":42,"column":57}},"42":{"start":{"line":43,"column":0},"end":{"line":43,"column":34}},"43":{"start":{"line":44,"column":0},"end":{"line":44,"column":81}},"44":{"start":{"line":45,"column":0},"end":{"line":45,"column":0}},"45":{"start":{"line":46,"column":0},"end":{"line":46,"column":121}},"46":{"start":{"line":47,"column":0},"end":{"line":47,"column":20}},"47":{"start":{"line":48,"column":0},"end":{"line":48,"column":53}},"48":{"start":{"line":49,"column":0},"end":{"line":49,"column":19}},"49":{"start":{"line":50,"column":0},"end":{"line":50,"column":9}},"50":{"start":{"line":51,"column":0},"end":{"line":51,"column":67}},"51":{"start":{"line":52,"column":0},"end":{"line":52,"column":40}},"52":{"start":{"line":53,"column":0},"end":{"line":53,"column":54}},"53":{"start":{"line":54,"column":0},"end":{"line":54,"column":0}},"54":{"start":{"line":55,"column":0},"end":{"line":55,"column":5}},"55":{"start":{"line":56,"column":0},"end":{"line":56,"column":64}},"56":{"start":{"line":57,"column":0},"end":{"line":57,"column":34}},"57":{"start":{"line":58,"column":0},"end":{"line":58,"column":39}},"58":{"start":{"line":59,"column":0},"end":{"line":59,"column":19}},"59":{"start":{"line":60,"column":0},"end":{"line":60,"column":9}},"60":{"start":{"line":61,"column":0},"end":{"line":61,"column":0}},"61":{"start":{"line":62,"column":0},"end":{"line":62,"column":55}},"62":{"start":{"line":63,"column":0},"end":{"line":63,"column":40}},"63":{"start":{"line":64,"column":0},"end":{"line":64,"column":54}},"64":{"start":{"line":65,"column":0},"end":{"line":65,"column":5}},"65":{"start":{"line":66,"column":0},"end":{"line":66,"column":0}},"66":{"start":{"line":67,"column":0},"end":{"line":67,"column":0}},"67":{"start":{"line":68,"column":0},"end":{"line":68,"column":48}},"68":{"start":{"line":69,"column":0},"end":{"line":69,"column":24}},"69":{"start":{"line":70,"column":0},"end":{"line":70,"column":69}},"70":{"start":{"line":71,"column":0},"end":{"line":71,"column":25}},"71":{"start":{"line":72,"column":0},"end":{"line":72,"column":9}},"72":{"start":{"line":73,"column":0},"end":{"line":73,"column":20}},"73":{"start":{"line":74,"column":0},"end":{"line":74,"column":0}},"74":{"start":{"line":75,"column":0},"end":{"line":75,"column":5}},"75":{"start":{"line":76,"column":0},"end":{"line":76,"column":0}},"76":{"start":{"line":77,"column":0},"end":{"line":77,"column":1}}},"s":{"0":1,"1":1,"2":1,"3":1,"4":1,"5":1,"6":1,"7":2,"8":2,"9":1,"10":1,"11":0,"12":0,"13":0,"14":0,"15":0,"16":1,"17":2,"18":2,"19":0,"20":0,"21":0,"22":2,"23":2,"24":2,"25":2,"26":2,"27":2,"28":2,"29":1,"30":1,"31":1,"32":0,"33":0,"34":0,"35":1,"36":1,"37":1,"38":1,"39":1,"40":1,"41":1,"42":1,"43":1,"44":1,"45":1,"46":1,"47":0,"48":0,"49":0,"50":1,"51":1,"52":1,"53":1,"54":1,"55":1,"56":1,"57":1,"58":0,"59":0,"60":1,"61":1,"62":1,"63":1,"64":1,"65":1,"66":1,"67":1,"68":3,"69":0,"70":0,"71":0,"72":3,"73":3,"74":3,"75":1,"76":1},"branchMap":{"0":{"type":"branch","line":7,"loc":{"start":{"line":7,"column":4},"end":{"line":9,"column":5}},"locations":[{"start":{"line":7,"column":4},"end":{"line":9,"column":5}}]},"1":{"type":"branch","line":17,"loc":{"start":{"line":17,"column":24},"end":{"line":29,"column":5}},"locations":[{"start":{"line":17,"column":24},"end":{"line":29,"column":5}}]},"2":{"type":"branch","line":19,"loc":{"start":{"line":19,"column":38},"end":{"line":22,"column":9}},"locations":[{"start":{"line":19,"column":38},"end":{"line":22,"column":9}}]},"3":{"type":"branch","line":25,"loc":{"start":{"line":25,"column":14},"end":{"line":25,"column":39}},"locations":[{"start":{"line":25,"column":14},"end":{"line":25,"column":39}}]},"4":{"type":"branch","line":26,"loc":{"start":{"line":26,"column":15},"end":{"line":26,"column":52}},"locations":[{"start":{"line":26,"column":15},"end":{"line":26,"column":52}}]},"5":{"type":"branch","line":30,"loc":{"start":{"line":30,"column":23},"end":{"line":41,"column":5}},"locations":[{"start":{"line":30,"column":23},"end":{"line":41,"column":5}}]},"6":{"type":"branch","line":32,"loc":{"start":{"line":32,"column":19},"end":{"line":35,"column":9}},"locations":[{"start":{"line":32,"column":19},"end":{"line":35,"column":9}}]},"7":{"type":"branch","line":37,"loc":{"start":{"line":37,"column":14},"end":{"line":37,"column":51}},"locations":[{"start":{"line":37,"column":14},"end":{"line":37,"column":51}}]},"8":{"type":"branch","line":42,"loc":{"start":{"line":42,"column":23},"end":{"line":55,"column":5}},"locations":[{"start":{"line":42,"column":23},"end":{"line":55,"column":5}}]},"9":{"type":"branch","line":47,"loc":{"start":{"line":47,"column":19},"end":{"line":50,"column":9}},"locations":[{"start":{"line":47,"column":19},"end":{"line":50,"column":9}}]},"10":{"type":"branch","line":53,"loc":{"start":{"line":53,"column":15},"end":{"line":53,"column":52}},"locations":[{"start":{"line":53,"column":15},"end":{"line":53,"column":52}}]},"11":{"type":"branch","line":56,"loc":{"start":{"line":56,"column":24},"end":{"line":65,"column":5}},"locations":[{"start":{"line":56,"column":24},"end":{"line":65,"column":5}}]},"12":{"type":"branch","line":56,"loc":{"start":{"line":56,"column":62},"end":{"line":65,"column":5}},"locations":[{"start":{"line":56,"column":62},"end":{"line":65,"column":5}}]},"13":{"type":"branch","line":58,"loc":{"start":{"line":58,"column":38},"end":{"line":60,"column":9}},"locations":[{"start":{"line":58,"column":38},"end":{"line":60,"column":9}}]},"14":{"type":"branch","line":64,"loc":{"start":{"line":64,"column":15},"end":{"line":64,"column":52}},"locations":[{"start":{"line":64,"column":15},"end":{"line":64,"column":52}}]},"15":{"type":"branch","line":68,"loc":{"start":{"line":68,"column":16},"end":{"line":75,"column":5}},"locations":[{"start":{"line":68,"column":16},"end":{"line":75,"column":5}}]},"16":{"type":"branch","line":69,"loc":{"start":{"line":69,"column":23},"end":{"line":72,"column":9}},"locations":[{"start":{"line":69,"column":23},"end":{"line":72,"column":9}}]}},"b":{"0":[2],"1":[2],"2":[0],"3":[1],"4":[1],"5":[1],"6":[0],"7":[1],"8":[1],"9":[0],"10":[1],"11":[1],"12":[1],"13":[0],"14":[1],"15":[3],"16":[0]},"fnMap":{"0":{"name":"TodosController","decl":{"start":{"line":7,"column":4},"end":{"line":9,"column":5}},"loc":{"start":{"line":7,"column":4},"end":{"line":9,"column":5}},"line":7},"1":{"name":"TodosController.getTodos","decl":{"start":{"line":11,"column":22},"end":{"line":16,"column":5}},"loc":{"start":{"line":11,"column":22},"end":{"line":16,"column":5}},"line":11},"2":{"name":"TodosController.getTodoById","decl":{"start":{"line":17,"column":24},"end":{"line":29,"column":5}},"loc":{"start":{"line":17,"column":24},"end":{"line":29,"column":5}},"line":17},"3":{"name":"TodosController.createTodo","decl":{"start":{"line":30,"column":23},"end":{"line":41,"column":5}},"loc":{"start":{"line":30,"column":23},"end":{"line":41,"column":5}},"line":30},"4":{"name":"TodosController.updateTodo","decl":{"start":{"line":42,"column":23},"end":{"line":55,"column":5}},"loc":{"start":{"line":42,"column":23},"end":{"line":55,"column":5}},"line":42},"5":{"name":"TodosController.deleteTodo","decl":{"start":{"line":56,"column":24},"end":{"line":65,"column":5}},"loc":{"start":{"line":56,"column":24},"end":{"line":65,"column":5}},"line":56},"6":{"name":"TodosController.isIdValid","decl":{"start":{"line":68,"column":16},"end":{"line":75,"column":5}},"loc":{"start":{"line":68,"column":16},"end":{"line":75,"column":5}},"line":68}},"f":{"0":2,"1":0,"2":2,"3":1,"4":1,"5":1,"6":3}}
,"C:\\Users\\Bryan\\OneDrive - UNIVERSIDAD CATOLICA DE EL SALVADOR\\Documentos\\NODE JS COURSE\\07-Rest-Web\\tests\\test-server.ts": {"path":"C:\\Users\\Bryan\\OneDrive - UNIVERSIDAD CATOLICA DE EL SALVADOR\\Documentos\\NODE JS COURSE\\07-Rest-Web\\tests\\test-server.ts","all":false,"statementMap":{"0":{"start":{"line":1,"column":0},"end":{"line":1,"column":40}},"1":{"start":{"line":2,"column":0},"end":{"line":2,"column":59}},"2":{"start":{"line":3,"column":0},"end":{"line":3,"column":50}},"3":{"start":{"line":4,"column":0},"end":{"line":4,"column":0}},"4":{"start":{"line":5,"column":0},"end":{"line":5,"column":37}},"5":{"start":{"line":6,"column":0},"end":{"line":6,"column":19}},"6":{"start":{"line":7,"column":0},"end":{"line":7,"column":32}},"7":{"start":{"line":8,"column":0},"end":{"line":8,"column":27}},"8":{"start":{"line":9,"column":0},"end":{"line":9,"column":3}}},"s":{"0":1,"1":1,"2":1,"3":1,"4":1,"5":1,"6":1,"7":1,"8":1},"branchMap":{},"b":{},"fnMap":{},"f":{}}
}
