TN:
SF:src\data\postgres\index.ts
FNF:0
FNH:0
DA:1,1
DA:2,1
DA:3,1
LF:3
LH:3
BRF:0
BRH:0
end_of_record
TN:
SF:src\presentation\todos\controller.ts
FN:7,TodosController
FN:11,TodosController.getTodos
FN:17,TodosController.getTodoById
FN:30,TodosController.createTodo
FN:42,TodosController.updateTodo
FN:56,TodosController.deleteTodo
FN:68,TodosController.isIdValid
FNF:7
FNH:6
FNDA:2,TodosController
FNDA:0,TodosController.getTodos
FNDA:2,TodosController.getTodoById
FNDA:1,TodosController.createTodo
FNDA:1,TodosController.updateTodo
FNDA:1,TodosController.deleteTodo
FNDA:3,TodosController.isIdValid
DA:1,1
DA:2,1
DA:3,1
DA:4,1
DA:5,1
DA:6,1
DA:7,1
DA:8,2
DA:9,2
DA:10,1
DA:11,1
DA:12,0
DA:13,0
DA:14,0
DA:15,0
DA:16,0
DA:17,1
DA:18,2
DA:19,2
DA:20,0
DA:21,0
DA:22,0
DA:23,2
DA:24,2
DA:25,2
DA:26,2
DA:27,2
DA:28,2
DA:29,2
DA:30,1
DA:31,1
DA:32,1
DA:33,0
DA:34,0
DA:35,0
DA:36,1
DA:37,1
DA:38,1
DA:39,1
DA:40,1
DA:41,1
DA:42,1
DA:43,1
DA:44,1
DA:45,1
DA:46,1
DA:47,1
DA:48,0
DA:49,0
DA:50,0
DA:51,1
DA:52,1
DA:53,1
DA:54,1
DA:55,1
DA:56,1
DA:57,1
DA:58,1
DA:59,0
DA:60,0
DA:61,1
DA:62,1
DA:63,1
DA:64,1
DA:65,1
DA:66,1
DA:67,1
DA:68,1
DA:69,3
DA:70,0
DA:71,0
DA:72,0
DA:73,3
DA:74,3
DA:75,3
DA:76,1
DA:77,1
LF:77
LH:58
BRDA:7,0,0,2
BRDA:17,1,0,2
BRDA:19,2,0,0
BRDA:25,3,0,1
BRDA:26,4,0,1
BRDA:30,5,0,1
BRDA:32,6,0,0
BRDA:37,7,0,1
BRDA:42,8,0,1
BRDA:47,9,0,0
BRDA:53,10,0,1
BRDA:56,11,0,1
BRDA:56,12,0,1
BRDA:58,13,0,0
BRDA:64,14,0,1
BRDA:68,15,0,3
BRDA:69,16,0,0
BRF:17
BRH:12
end_of_record
TN:
SF:tests\test-server.ts
FNF:0
FNH:0
DA:1,1
DA:2,1
DA:3,1
DA:4,1
DA:5,1
DA:6,1
DA:7,1
DA:8,1
DA:9,1
LF:9
LH:9
BRF:0
BRH:0
end_of_record
